<?xml version="1.0" encoding="UTF-8"?>
<!-- Generated by org.testng.reporters.JUnitXMLReporter -->
<testsuite ignored="0" hostname="LTIN504051" failures="1" tests="2" name="Test" time="44.832" errors="0" timestamp="2024-10-03T00:00:27 IST">
  <testcase classname="testCases.TC001_AccountRegistration_Test" name="verify_accountRegistration" time="5.494"/>
  <testcase classname="testCases.TC002_Login_Test" name="Verify_Login" time="14.602">
    <failure type="java.lang.AssertionError" message="Login Failed expected [true] but found [false]">
      <![CDATA[java.lang.AssertionError: Login Failed expected [true] but found [false]
at testCases.TC002_Login_Test.Verify_Login(TC002_Login_Test.java:33)
at java.base/java.util.ArrayList.forEach(ArrayList.java:1511)
... Removed 33 stack frames]]>
    </failure>
  </testcase> <!-- Verify_Login -->
</testsuite> <!-- Test -->
