<?xml version="1.0" encoding="UTF-8"?>
<testng-results ignored="0" total="3" passed="3" failed="0" skipped="0">
  <reporter-output>
  </reporter-output>
  <suite started-at="2024-11-03T18:44:30 IST" name="Default suite" finished-at="2024-11-03T18:45:07 IST" duration-ms="36716">
    <groups>
      <group name="cucumber">
        <method signature="AbstractTestNGCucumberTests.runScenario(io.cucumber.testng.PickleWrapper,io.cucumber.testng.FeatureWrapper)[pri:0, instance:TestRunner.TestRegistrationRunner@3b0c9195]" name="runScenario" class="io.cucumber.testng.AbstractTestNGCucumberTests"/>
      </group> <!-- cucumber -->
    </groups>
    <test started-at="2024-11-03T18:44:30 IST" name="Default test" finished-at="2024-11-03T18:45:07 IST" duration-ms="36716">
      <class name="TestRunner.TestRegistrationRunner">
        <test-method is-config="true" signature="setUpClass(org.testng.ITestContext)[pri:0, instance:TestRunner.TestRegistrationRunner@3b0c9195]" started-at="2024-11-03T18:44:30 IST" name="setUpClass" finished-at="2024-11-03T18:44:31 IST" duration-ms="421" status="PASS">
          <params>
            <param index="0">
              <value>
                <![CDATA[org.testng.TestRunner@29050de5]]>
              </value>
            </param>
          </params>
          <reporter-output>
          </reporter-output>
        </test-method> <!-- setUpClass -->
        <test-method signature="runScenario(io.cucumber.testng.PickleWrapper,io.cucumber.testng.FeatureWrapper)[pri:0, instance:TestRunner.TestRegistrationRunner@3b0c9195]" started-at="2024-11-03T18:44:31 IST" name="runScenario" description="Runs Cucumber Scenarios" data-provider="scenarios" finished-at="2024-11-03T18:44:43 IST" duration-ms="12471" status="PASS">
          <params>
            <param index="0">
              <value>
                <![CDATA["Successful registration with valid credentials"]]>
              </value>
            </param>
            <param index="1">
              <value>
                <![CDATA["Account registration"]]>
              </value>
            </param>
          </params>
          <reporter-output>
          </reporter-output>
        </test-method> <!-- runScenario -->
        <test-method signature="runScenario(io.cucumber.testng.PickleWrapper,io.cucumber.testng.FeatureWrapper)[pri:0, instance:TestRunner.TestRegistrationRunner@3b0c9195]" started-at="2024-11-03T18:44:43 IST" name="runScenario" description="Runs Cucumber Scenarios" data-provider="scenarios" finished-at="2024-11-03T18:44:55 IST" duration-ms="11814" status="PASS">
          <params>
            <param index="0">
              <value>
                <![CDATA["Successful registration with valid credentials"]]>
              </value>
            </param>
            <param index="1">
              <value>
                <![CDATA["Account registration"]]>
              </value>
            </param>
          </params>
          <reporter-output>
          </reporter-output>
        </test-method> <!-- runScenario -->
        <test-method signature="runScenario(io.cucumber.testng.PickleWrapper,io.cucumber.testng.FeatureWrapper)[pri:0, instance:TestRunner.TestRegistrationRunner@3b0c9195]" started-at="2024-11-03T18:44:55 IST" name="runScenario" description="Runs Cucumber Scenarios" data-provider="scenarios" finished-at="2024-11-03T18:45:07 IST" duration-ms="11939" status="PASS">
          <params>
            <param index="0">
              <value>
                <![CDATA["Successful login with valid credentials"]]>
              </value>
            </param>
            <param index="1">
              <value>
                <![CDATA["Account registration"]]>
              </value>
            </param>
          </params>
          <reporter-output>
          </reporter-output>
        </test-method> <!-- runScenario -->
        <test-method is-config="true" signature="tearDownClass()[pri:0, instance:TestRunner.TestRegistrationRunner@3b0c9195]" started-at="2024-11-03T18:45:07 IST" name="tearDownClass" finished-at="2024-11-03T18:45:07 IST" duration-ms="32" status="PASS">
          <reporter-output>
          </reporter-output>
        </test-method> <!-- tearDownClass -->
      </class> <!-- TestRunner.TestRegistrationRunner -->
    </test> <!-- Default test -->
  </suite> <!-- Default suite -->
</testng-results>
